src/app/(dashboard)/dashboard/page.tsx(8,65): error TS2739: Type 'ReadonlyRequestCookies' is missing the following properties from type 'Promise<ReadonlyRequestCookies>': then, catch, finally, [Symbol.toStringTag]
src/app/(dashboard)/drivers/[id]/edit/page.tsx(42,21): error TS2345: Argument of type 'string' is not assignable to parameter of type 'number'.
src/app/(dashboard)/drivers/[id]/edit/page.tsx(86,19): error TS2345: Argument of type 'string' is not assignable to parameter of type 'number'.
src/app/(dashboard)/drivers/[id]/page.tsx(71,26): error TS7006: Parameter 'load' implicitly has an 'any' type.
src/app/(dashboard)/drivers/[id]/page.tsx(74,40): error TS7006: Parameter 'weight' implicitly has an 'any' type.
src/app/(dashboard)/drivers/[id]/page.tsx(298,39): error TS7006: Parameter 'weight' implicitly has an 'any' type.
src/app/(dashboard)/drivers/[id]/page.tsx(359,36): error TS7006: Parameter 'load' implicitly has an 'any' type.
src/app/(dashboard)/drivers/create/page.tsx(46,19): error TS2345: Argument of type 'string | undefined' is not assignable to parameter of type 'string'.
  Type 'undefined' is not assignable to type 'string'.
src/app/(dashboard)/drivers/page.tsx(13,65): error TS2739: Type 'ReadonlyRequestCookies' is missing the following properties from type 'Promise<ReadonlyRequestCookies>': then, catch, finally, [Symbol.toStringTag]
src/app/(dashboard)/integrations/api-keys/page.tsx(55,17): error TS2769: No overload matches this call.
  Overload 1 of 2, '(relation: "companies" | "drivers" | "vehicles" | "users" | "weights" | "loads"): PostgrestQueryBuilder<{ Tables: { companies: { Row: { id: number; name: string; address: string | null; contact_email: string | null; contact_phone: string | null; created_at: string; updated_at: string; }; Insert: { ...; }; Update: { ...; }; Relationships: []; }; ... 4 more ...; loads: { ...; }; }; Views: {}; Functions: {}; Enums: {}; CompositeTypes: {}; }, { ...; } | ... 4 more ... | { ...; }, "companies" | ... 4 more ... | "loads", [] | ... 4 more ... | [...]>', gave the following error.
    Argument of type '"api_keys"' is not assignable to parameter of type '"companies" | "drivers" | "vehicles" | "users" | "weights" | "loads"'.
  Overload 2 of 2, '(relation: never): PostgrestQueryBuilder<{ Tables: { companies: { Row: { id: number; name: string; address: string | null; contact_email: string | null; contact_phone: string | null; created_at: string; updated_at: string; }; Insert: { ...; }; Update: { ...; }; Relationships: []; }; ... 4 more ...; loads: { ...; }; }; Views: {}; Functions: {}; Enums: {}; CompositeTypes: {}; }, never, never, never>', gave the following error.
    Argument of type '"api_keys"' is not assignable to parameter of type 'never'.
src/app/(dashboard)/integrations/api-keys/page.tsx(61,20): error TS2345: Argument of type '({ id: number; name: string; license_number: string; license_expiry: string | null; phone: string | null; email: string | null; status: string; company_id: number | null; created_at: string; updated_at: string; } | ... 4 more ... | { ...; })[]' is not assignable to parameter of type 'SetStateAction<ApiKey[]>'.
  Type '({ id: number; name: string; license_number: string; license_expiry: string | null; phone: string | null; email: string | null; status: string; company_id: number | null; created_at: string; updated_at: string; } | ... 4 more ... | { ...; })[]' is not assignable to type 'ApiKey[]'.
    Type '{ id: number; name: string; license_number: string; license_expiry: string | null; phone: string | null; email: string | null; status: string; company_id: number | null; created_at: string; updated_at: string; } | ... 4 more ... | { ...; }' is not assignable to type 'ApiKey'.
      Type '{ id: number; name: string; license_number: string; license_expiry: string | null; phone: string | null; email: string | null; status: string; company_id: number | null; created_at: string; updated_at: string; }' is missing the following properties from type 'ApiKey': key, permissions, last_used_at, expires_at, is_active
src/app/(dashboard)/integrations/api-keys/page.tsx(105,50): error TS2345: Argument of type '"create_api_key"' is not assignable to parameter of type 'never'.
src/app/(dashboard)/integrations/api-keys/page.tsx(115,19): error TS2339: Property 'key' does not exist on type 'never'.
src/app/(dashboard)/integrations/api-keys/page.tsx(116,18): error TS2339: Property 'id' does not exist on type 'never'.
src/app/(dashboard)/integrations/api-keys/page.tsx(127,15): error TS2769: No overload matches this call.
  Overload 1 of 2, '(relation: "companies" | "drivers" | "vehicles" | "users" | "weights" | "loads"): PostgrestQueryBuilder<{ Tables: { companies: { Row: { id: number; name: string; address: string | null; contact_email: string | null; contact_phone: string | null; created_at: string; updated_at: string; }; Insert: { ...; }; Update: { ...; }; Relationships: []; }; ... 4 more ...; loads: { ...; }; }; Views: {}; Functions: {}; Enums: {}; CompositeTypes: {}; }, { ...; } | ... 4 more ... | { ...; }, "companies" | ... 4 more ... | "loads", [] | ... 4 more ... | [...]>', gave the following error.
    Argument of type '"api_keys"' is not assignable to parameter of type '"companies" | "drivers" | "vehicles" | "users" | "weights" | "loads"'.
  Overload 2 of 2, '(relation: never): PostgrestQueryBuilder<{ Tables: { companies: { Row: { id: number; name: string; address: string | null; contact_email: string | null; contact_phone: string | null; created_at: string; updated_at: string; }; Insert: { ...; }; Update: { ...; }; Relationships: []; }; ... 4 more ...; loads: { ...; }; }; Views: {}; Functions: {}; Enums: {}; CompositeTypes: {}; }, never, never, never>', gave the following error.
    Argument of type '"api_keys"' is not assignable to parameter of type 'never'.
src/app/(dashboard)/integrations/api-keys/page.tsx(131,18): error TS2345: Argument of type '({ id: number; name: string; license_number: string; license_expiry: string | null; phone: string | null; email: string | null; status: string; company_id: number | null; created_at: string; updated_at: string; } | ... 4 more ... | { ...; })[]' is not assignable to parameter of type 'SetStateAction<ApiKey[]>'.
  Type '({ id: number; name: string; license_number: string; license_expiry: string | null; phone: string | null; email: string | null; status: string; company_id: number | null; created_at: string; updated_at: string; } | ... 4 more ... | { ...; })[]' is not assignable to type 'ApiKey[]'.
    Type '{ id: number; name: string; license_number: string; license_expiry: string | null; phone: string | null; email: string | null; status: string; company_id: number | null; created_at: string; updated_at: string; } | ... 4 more ... | { ...; }' is not assignable to type 'ApiKey'.
      Type '{ id: number; name: string; license_number: string; license_expiry: string | null; phone: string | null; email: string | null; status: string; company_id: number | null; created_at: string; updated_at: string; }' is missing the following properties from type 'ApiKey': key, permissions, last_used_at, expires_at, is_active
src/app/(dashboard)/integrations/api-keys/page.tsx(149,45): error TS2769: No overload matches this call.
  Overload 1 of 2, '(relation: "companies" | "drivers" | "vehicles" | "users" | "weights" | "loads"): PostgrestQueryBuilder<{ Tables: { companies: { Row: { id: number; name: string; address: string | null; contact_email: string | null; contact_phone: string | null; created_at: string; updated_at: string; }; Insert: { ...; }; Update: { ...; }; Relationships: []; }; ... 4 more ...; loads: { ...; }; }; Views: {}; Functions: {}; Enums: {}; CompositeTypes: {}; }, { ...; } | ... 4 more ... | { ...; }, "companies" | ... 4 more ... | "loads", [] | ... 4 more ... | [...]>', gave the following error.
    Argument of type '"api_keys"' is not assignable to parameter of type '"companies" | "drivers" | "vehicles" | "users" | "weights" | "loads"'.
  Overload 2 of 2, '(relation: never): PostgrestQueryBuilder<{ Tables: { companies: { Row: { id: number; name: string; address: string | null; contact_email: string | null; contact_phone: string | null; created_at: string; updated_at: string; }; Insert: { ...; }; Update: { ...; }; Relationships: []; }; ... 4 more ...; loads: { ...; }; }; Views: {}; Functions: {}; Enums: {}; CompositeTypes: {}; }, never, never, never>', gave the following error.
    Argument of type '"api_keys"' is not assignable to parameter of type 'never'.
src/app/(dashboard)/integrations/erp/page.tsx(61,17): error TS2769: No overload matches this call.
  Overload 1 of 2, '(relation: "companies" | "drivers" | "vehicles" | "users" | "weights" | "loads"): PostgrestQueryBuilder<{ Tables: { companies: { Row: { id: number; name: string; address: string | null; contact_email: string | null; contact_phone: string | null; created_at: string; updated_at: string; }; Insert: { ...; }; Update: { ...; }; Relationships: []; }; ... 4 more ...; loads: { ...; }; }; Views: {}; Functions: {}; Enums: {}; CompositeTypes: {}; }, { ...; } | ... 4 more ... | { ...; }, "companies" | ... 4 more ... | "loads", [] | ... 4 more ... | [...]>', gave the following error.
    Argument of type '"integration_connections"' is not assignable to parameter of type '"companies" | "drivers" | "vehicles" | "users" | "weights" | "loads"'.
  Overload 2 of 2, '(relation: never): PostgrestQueryBuilder<{ Tables: { companies: { Row: { id: number; name: string; address: string | null; contact_email: string | null; contact_phone: string | null; created_at: string; updated_at: string; }; Insert: { ...; }; Update: { ...; }; Relationships: []; }; ... 4 more ...; loads: { ...; }; }; Views: {}; Functions: {}; Enums: {}; CompositeTypes: {}; }, never, never, never>', gave the following error.
    Argument of type '"integration_connections"' is not assignable to parameter of type 'never'.
src/app/(dashboard)/integrations/erp/page.tsx(68,24): error TS2345: Argument of type '({ id: number; name: string; license_number: string; license_expiry: string | null; phone: string | null; email: string | null; status: string; company_id: number | null; created_at: string; updated_at: string; } | ... 4 more ... | { ...; })[]' is not assignable to parameter of type 'SetStateAction<ErpConnection[]>'.
  Type '({ id: number; name: string; license_number: string; license_expiry: string | null; phone: string | null; email: string | null; status: string; company_id: number | null; created_at: string; updated_at: string; } | ... 4 more ... | { ...; })[]' is not assignable to type 'ErpConnection[]'.
    Type '{ id: number; name: string; license_number: string; license_expiry: string | null; phone: string | null; email: string | null; status: string; company_id: number | null; created_at: string; updated_at: string; } | ... 4 more ... | { ...; }' is not assignable to type 'ErpConnection'.
      Type '{ id: number; name: string; license_number: string; license_expiry: string | null; phone: string | null; email: string | null; status: string; company_id: number | null; created_at: string; updated_at: string; }' is missing the following properties from type 'ErpConnection': provider, credentials, settings, is_active, last_sync_at
src/app/(dashboard)/integrations/erp/page.tsx(200,15): error TS2769: No overload matches this call.
  Overload 1 of 2, '(relation: "companies" | "drivers" | "vehicles" | "users" | "weights" | "loads"): PostgrestQueryBuilder<{ Tables: { companies: { Row: { id: number; name: string; address: string | null; contact_email: string | null; contact_phone: string | null; created_at: string; updated_at: string; }; Insert: { ...; }; Update: { ...; }; Relationships: []; }; ... 4 more ...; loads: { ...; }; }; Views: {}; Functions: {}; Enums: {}; CompositeTypes: {}; }, { ...; } | ... 4 more ... | { ...; }, "companies" | ... 4 more ... | "loads", [] | ... 4 more ... | [...]>', gave the following error.
    Argument of type '"integration_connections"' is not assignable to parameter of type '"companies" | "drivers" | "vehicles" | "users" | "weights" | "loads"'.
  Overload 2 of 2, '(relation: never): PostgrestQueryBuilder<{ Tables: { companies: { Row: { id: number; name: string; address: string | null; contact_email: string | null; contact_phone: string | null; created_at: string; updated_at: string; }; Insert: { ...; }; Update: { ...; }; Relationships: []; }; ... 4 more ...; loads: { ...; }; }; Views: {}; Functions: {}; Enums: {}; CompositeTypes: {}; }, never, never, never>', gave the following error.
    Argument of type '"integration_connections"' is not assignable to parameter of type 'never'.
src/app/(dashboard)/integrations/erp/page.tsx(202,11): error TS2769: No overload matches this call.
  Overload 1 of 2, '(values: { id?: number | undefined; name: string; address?: string | null | undefined; contact_email?: string | null | undefined; contact_phone?: string | null | undefined; created_at?: string | undefined; updated_at?: string | undefined; } | ... 4 more ... | { ...; }, options?: { ...; } | undefined): PostgrestFilterBuilder<...>', gave the following error.
    Object literal may only specify known properties, and 'integration_type' does not exist in type '{ id?: number | undefined; name: string; address?: string | null | undefined; contact_email?: string | null | undefined; contact_phone?: string | null | undefined; created_at?: string | undefined; updated_at?: string | undefined; } | ... 4 more ... | { ...; }'.
  Overload 2 of 2, '(values: ({ id?: number | undefined; name: string; address?: string | null | undefined; contact_email?: string | null | undefined; contact_phone?: string | null | undefined; created_at?: string | undefined; updated_at?: string | undefined; } | ... 4 more ... | { ...; })[], options?: { ...; } | undefined): PostgrestFilterBuilder<...>', gave the following error.
    Object literal may only specify known properties, and 'integration_type' does not exist in type '({ id?: number | undefined; name: string; address?: string | null | undefined; contact_email?: string | null | undefined; contact_phone?: string | null | undefined; created_at?: string | undefined; updated_at?: string | undefined; } | ... 4 more ... | { ...; })[]'.
src/app/(dashboard)/integrations/erp/page.tsx(226,23): error TS2322: Type '{ id: number; name: string; license_number: string; license_expiry: string | null; phone: string | null; email: string | null; status: string; company_id: number | null; created_at: string; updated_at: string; } | ... 4 more ... | { ...; }' is not assignable to type 'ErpConnection'.
  Type '{ id: number; name: string; license_number: string; license_expiry: string | null; phone: string | null; email: string | null; status: string; company_id: number | null; created_at: string; updated_at: string; }' is missing the following properties from type 'ErpConnection': provider, credentials, settings, is_active, last_sync_at
src/app/(dashboard)/integrations/erp/page.tsx(246,45): error TS2769: No overload matches this call.
  Overload 1 of 2, '(relation: "companies" | "drivers" | "vehicles" | "users" | "weights" | "loads"): PostgrestQueryBuilder<{ Tables: { companies: { Row: { id: number; name: string; address: string | null; contact_email: string | null; contact_phone: string | null; created_at: string; updated_at: string; }; Insert: { ...; }; Update: { ...; }; Relationships: []; }; ... 4 more ...; loads: { ...; }; }; Views: {}; Functions: {}; Enums: {}; CompositeTypes: {}; }, { ...; } | ... 4 more ... | { ...; }, "companies" | ... 4 more ... | "loads", [] | ... 4 more ... | [...]>', gave the following error.
    Argument of type '"integration_connections"' is not assignable to parameter of type '"companies" | "drivers" | "vehicles" | "users" | "weights" | "loads"'.
  Overload 2 of 2, '(relation: never): PostgrestQueryBuilder<{ Tables: { companies: { Row: { id: number; name: string; address: string | null; contact_email: string | null; contact_phone: string | null; created_at: string; updated_at: string; }; Insert: { ...; }; Update: { ...; }; Relationships: []; }; ... 4 more ...; loads: { ...; }; }; Views: {}; Functions: {}; Enums: {}; CompositeTypes: {}; }, never, never, never>', gave the following error.
    Argument of type '"integration_connections"' is not assignable to parameter of type 'never'.
src/app/(dashboard)/integrations/erp/page.tsx(266,15): error TS2769: No overload matches this call.
  Overload 1 of 2, '(relation: "companies" | "drivers" | "vehicles" | "users" | "weights" | "loads"): PostgrestQueryBuilder<{ Tables: { companies: { Row: { id: number; name: string; address: string | null; contact_email: string | null; contact_phone: string | null; created_at: string; updated_at: string; }; Insert: { ...; }; Update: { ...; }; Relationships: []; }; ... 4 more ...; loads: { ...; }; }; Views: {}; Functions: {}; Enums: {}; CompositeTypes: {}; }, { ...; } | ... 4 more ... | { ...; }, "companies" | ... 4 more ... | "loads", [] | ... 4 more ... | [...]>', gave the following error.
    Argument of type '"integration_connections"' is not assignable to parameter of type '"companies" | "drivers" | "vehicles" | "users" | "weights" | "loads"'.
  Overload 2 of 2, '(relation: never): PostgrestQueryBuilder<{ Tables: { companies: { Row: { id: number; name: string; address: string | null; contact_email: string | null; contact_phone: string | null; created_at: string; updated_at: string; }; Insert: { ...; }; Update: { ...; }; Relationships: []; }; ... 4 more ...; loads: { ...; }; }; Views: {}; Functions: {}; Enums: {}; CompositeTypes: {}; }, never, never, never>', gave the following error.
    Argument of type '"integration_connections"' is not assignable to parameter of type 'never'.
src/app/(dashboard)/integrations/erp/page.tsx(267,19): error TS2353: Object literal may only specify known properties, and 'is_active' does not exist in type '{ id?: number | undefined; name?: string | undefined; address?: string | null | undefined; contact_email?: string | null | undefined; contact_phone?: string | null | undefined; created_at?: string | undefined; updated_at?: string | undefined; } | ... 4 more ... | { ...; }'.
src/app/(dashboard)/integrations/erp/page.tsx(293,15): error TS2769: No overload matches this call.
  Overload 1 of 2, '(relation: "companies" | "drivers" | "vehicles" | "users" | "weights" | "loads"): PostgrestQueryBuilder<{ Tables: { companies: { Row: { id: number; name: string; address: string | null; contact_email: string | null; contact_phone: string | null; created_at: string; updated_at: string; }; Insert: { ...; }; Update: { ...; }; Relationships: []; }; ... 4 more ...; loads: { ...; }; }; Views: {}; Functions: {}; Enums: {}; CompositeTypes: {}; }, { ...; } | ... 4 more ... | { ...; }, "companies" | ... 4 more ... | "loads", [] | ... 4 more ... | [...]>', gave the following error.
    Argument of type '"integration_connections"' is not assignable to parameter of type '"companies" | "drivers" | "vehicles" | "users" | "weights" | "loads"'.
  Overload 2 of 2, '(relation: never): PostgrestQueryBuilder<{ Tables: { companies: { Row: { id: number; name: string; address: string | null; contact_email: string | null; contact_phone: string | null; created_at: string; updated_at: string; }; Insert: { ...; }; Update: { ...; }; Relationships: []; }; ... 4 more ...; loads: { ...; }; }; Views: {}; Functions: {}; Enums: {}; CompositeTypes: {}; }, never, never, never>', gave the following error.
    Argument of type '"integration_connections"' is not assignable to parameter of type 'never'.
src/app/(dashboard)/integrations/erp/page.tsx(294,19): error TS2353: Object literal may only specify known properties, and 'last_sync_at' does not exist in type '{ id?: number | undefined; name?: string | undefined; address?: string | null | undefined; contact_email?: string | null | undefined; contact_phone?: string | null | undefined; created_at?: string | undefined; updated_at?: string | undefined; } | ... 4 more ... | { ...; }'.
src/app/(dashboard)/integrations/telematics/page.tsx(69,17): error TS2769: No overload matches this call.
  Overload 1 of 2, '(relation: "companies" | "drivers" | "vehicles" | "users" | "weights" | "loads"): PostgrestQueryBuilder<{ Tables: { companies: { Row: { id: number; name: string; address: string | null; contact_email: string | null; contact_phone: string | null; created_at: string; updated_at: string; }; Insert: { ...; }; Update: { ...; }; Relationships: []; }; ... 4 more ...; loads: { ...; }; }; Views: {}; Functions: {}; Enums: {}; CompositeTypes: {}; }, { ...; } | ... 4 more ... | { ...; }, "companies" | ... 4 more ... | "loads", [] | ... 4 more ... | [...]>', gave the following error.
    Argument of type '"integration_connections"' is not assignable to parameter of type '"companies" | "drivers" | "vehicles" | "users" | "weights" | "loads"'.
  Overload 2 of 2, '(relation: never): PostgrestQueryBuilder<{ Tables: { companies: { Row: { id: number; name: string; address: string | null; contact_email: string | null; contact_phone: string | null; created_at: string; updated_at: string; }; Insert: { ...; }; Update: { ...; }; Relationships: []; }; ... 4 more ...; loads: { ...; }; }; Views: {}; Functions: {}; Enums: {}; CompositeTypes: {}; }, never, never, never>', gave the following error.
    Argument of type '"integration_connections"' is not assignable to parameter of type 'never'.
src/app/(dashboard)/integrations/telematics/page.tsx(76,24): error TS2345: Argument of type '({ id: number; name: string; license_number: string; license_expiry: string | null; phone: string | null; email: string | null; status: string; company_id: number | null; created_at: string; updated_at: string; } | ... 4 more ... | { ...; })[]' is not assignable to parameter of type 'SetStateAction<TelematicsConnection[]>'.
  Type '({ id: number; name: string; license_number: string; license_expiry: string | null; phone: string | null; email: string | null; status: string; company_id: number | null; created_at: string; updated_at: string; } | ... 4 more ... | { ...; })[]' is not assignable to type 'TelematicsConnection[]'.
    Type '{ id: number; name: string; license_number: string; license_expiry: string | null; phone: string | null; email: string | null; status: string; company_id: number | null; created_at: string; updated_at: string; } | ... 4 more ... | { ...; }' is not assignable to type 'TelematicsConnection'.
      Type '{ id: number; name: string; license_number: string; license_expiry: string | null; phone: string | null; email: string | null; status: string; company_id: number | null; created_at: string; updated_at: string; }' is missing the following properties from type 'TelematicsConnection': provider, credentials, settings, is_active, last_sync_at
src/app/(dashboard)/integrations/telematics/page.tsx(159,15): error TS2769: No overload matches this call.
  Overload 1 of 2, '(relation: "companies" | "drivers" | "vehicles" | "users" | "weights" | "loads"): PostgrestQueryBuilder<{ Tables: { companies: { Row: { id: number; name: string; address: string | null; contact_email: string | null; contact_phone: string | null; created_at: string; updated_at: string; }; Insert: { ...; }; Update: { ...; }; Relationships: []; }; ... 4 more ...; loads: { ...; }; }; Views: {}; Functions: {}; Enums: {}; CompositeTypes: {}; }, { ...; } | ... 4 more ... | { ...; }, "companies" | ... 4 more ... | "loads", [] | ... 4 more ... | [...]>', gave the following error.
    Argument of type '"integration_connections"' is not assignable to parameter of type '"companies" | "drivers" | "vehicles" | "users" | "weights" | "loads"'.
  Overload 2 of 2, '(relation: never): PostgrestQueryBuilder<{ Tables: { companies: { Row: { id: number; name: string; address: string | null; contact_email: string | null; contact_phone: string | null; created_at: string; updated_at: string; }; Insert: { ...; }; Update: { ...; }; Relationships: []; }; ... 4 more ...; loads: { ...; }; }; Views: {}; Functions: {}; Enums: {}; CompositeTypes: {}; }, never, never, never>', gave the following error.
    Argument of type '"integration_connections"' is not assignable to parameter of type 'never'.
src/app/(dashboard)/integrations/telematics/page.tsx(161,11): error TS2769: No overload matches this call.
  Overload 1 of 2, '(values: { id?: number | undefined; name: string; address?: string | null | undefined; contact_email?: string | null | undefined; contact_phone?: string | null | undefined; created_at?: string | undefined; updated_at?: string | undefined; } | ... 4 more ... | { ...; }, options?: { ...; } | undefined): PostgrestFilterBuilder<...>', gave the following error.
    Object literal may only specify known properties, and 'integration_type' does not exist in type '{ id?: number | undefined; name: string; address?: string | null | undefined; contact_email?: string | null | undefined; contact_phone?: string | null | undefined; created_at?: string | undefined; updated_at?: string | undefined; } | ... 4 more ... | { ...; }'.
  Overload 2 of 2, '(values: ({ id?: number | undefined; name: string; address?: string | null | undefined; contact_email?: string | null | undefined; contact_phone?: string | null | undefined; created_at?: string | undefined; updated_at?: string | undefined; } | ... 4 more ... | { ...; })[], options?: { ...; } | undefined): PostgrestFilterBuilder<...>', gave the following error.
    Object literal may only specify known properties, and 'integration_type' does not exist in type '({ id?: number | undefined; name: string; address?: string | null | undefined; contact_email?: string | null | undefined; contact_phone?: string | null | undefined; created_at?: string | undefined; updated_at?: string | undefined; } | ... 4 more ... | { ...; })[]'.
src/app/(dashboard)/integrations/telematics/page.tsx(183,23): error TS2322: Type '{ id: number; name: string; license_number: string; license_expiry: string | null; phone: string | null; email: string | null; status: string; company_id: number | null; created_at: string; updated_at: string; } | ... 4 more ... | { ...; }' is not assignable to type 'TelematicsConnection'.
  Type '{ id: number; name: string; license_number: string; license_expiry: string | null; phone: string | null; email: string | null; status: string; company_id: number | null; created_at: string; updated_at: string; }' is missing the following properties from type 'TelematicsConnection': provider, credentials, settings, is_active, last_sync_at
src/app/(dashboard)/integrations/telematics/page.tsx(203,45): error TS2769: No overload matches this call.
  Overload 1 of 2, '(relation: "companies" | "drivers" | "vehicles" | "users" | "weights" | "loads"): PostgrestQueryBuilder<{ Tables: { companies: { Row: { id: number; name: string; address: string | null; contact_email: string | null; contact_phone: string | null; created_at: string; updated_at: string; }; Insert: { ...; }; Update: { ...; }; Relationships: []; }; ... 4 more ...; loads: { ...; }; }; Views: {}; Functions: {}; Enums: {}; CompositeTypes: {}; }, { ...; } | ... 4 more ... | { ...; }, "companies" | ... 4 more ... | "loads", [] | ... 4 more ... | [...]>', gave the following error.
    Argument of type '"integration_connections"' is not assignable to parameter of type '"companies" | "drivers" | "vehicles" | "users" | "weights" | "loads"'.
  Overload 2 of 2, '(relation: never): PostgrestQueryBuilder<{ Tables: { companies: { Row: { id: number; name: string; address: string | null; contact_email: string | null; contact_phone: string | null; created_at: string; updated_at: string; }; Insert: { ...; }; Update: { ...; }; Relationships: []; }; ... 4 more ...; loads: { ...; }; }; Views: {}; Functions: {}; Enums: {}; CompositeTypes: {}; }, never, never, never>', gave the following error.
    Argument of type '"integration_connections"' is not assignable to parameter of type 'never'.
src/app/(dashboard)/integrations/telematics/page.tsx(223,15): error TS2769: No overload matches this call.
  Overload 1 of 2, '(relation: "companies" | "drivers" | "vehicles" | "users" | "weights" | "loads"): PostgrestQueryBuilder<{ Tables: { companies: { Row: { id: number; name: string; address: string | null; contact_email: string | null; contact_phone: string | null; created_at: string; updated_at: string; }; Insert: { ...; }; Update: { ...; }; Relationships: []; }; ... 4 more ...; loads: { ...; }; }; Views: {}; Functions: {}; Enums: {}; CompositeTypes: {}; }, { ...; } | ... 4 more ... | { ...; }, "companies" | ... 4 more ... | "loads", [] | ... 4 more ... | [...]>', gave the following error.
    Argument of type '"integration_connections"' is not assignable to parameter of type '"companies" | "drivers" | "vehicles" | "users" | "weights" | "loads"'.
  Overload 2 of 2, '(relation: never): PostgrestQueryBuilder<{ Tables: { companies: { Row: { id: number; name: string; address: string | null; contact_email: string | null; contact_phone: string | null; created_at: string; updated_at: string; }; Insert: { ...; }; Update: { ...; }; Relationships: []; }; ... 4 more ...; loads: { ...; }; }; Views: {}; Functions: {}; Enums: {}; CompositeTypes: {}; }, never, never, never>', gave the following error.
    Argument of type '"integration_connections"' is not assignable to parameter of type 'never'.
src/app/(dashboard)/integrations/telematics/page.tsx(224,19): error TS2353: Object literal may only specify known properties, and 'is_active' does not exist in type '{ id?: number | undefined; name?: string | undefined; address?: string | null | undefined; contact_email?: string | null | undefined; contact_phone?: string | null | undefined; created_at?: string | undefined; updated_at?: string | undefined; } | ... 4 more ... | { ...; }'.
src/app/(dashboard)/integrations/telematics/page.tsx(251,15): error TS2769: No overload matches this call.
  Overload 1 of 2, '(relation: "companies" | "drivers" | "vehicles" | "users" | "weights" | "loads"): PostgrestQueryBuilder<{ Tables: { companies: { Row: { id: number; name: string; address: string | null; contact_email: string | null; contact_phone: string | null; created_at: string; updated_at: string; }; Insert: { ...; }; Update: { ...; }; Relationships: []; }; ... 4 more ...; loads: { ...; }; }; Views: {}; Functions: {}; Enums: {}; CompositeTypes: {}; }, { ...; } | ... 4 more ... | { ...; }, "companies" | ... 4 more ... | "loads", [] | ... 4 more ... | [...]>', gave the following error.
    Argument of type '"integration_connections"' is not assignable to parameter of type '"companies" | "drivers" | "vehicles" | "users" | "weights" | "loads"'.
  Overload 2 of 2, '(relation: never): PostgrestQueryBuilder<{ Tables: { companies: { Row: { id: number; name: string; address: string | null; contact_email: string | null; contact_phone: string | null; created_at: string; updated_at: string; }; Insert: { ...; }; Update: { ...; }; Relationships: []; }; ... 4 more ...; loads: { ...; }; }; Views: {}; Functions: {}; Enums: {}; CompositeTypes: {}; }, never, never, never>', gave the following error.
    Argument of type '"integration_connections"' is not assignable to parameter of type 'never'.
src/app/(dashboard)/integrations/telematics/page.tsx(252,19): error TS2353: Object literal may only specify known properties, and 'last_sync_at' does not exist in type '{ id?: number | undefined; name?: string | undefined; address?: string | null | undefined; contact_email?: string | null | undefined; contact_phone?: string | null | undefined; created_at?: string | undefined; updated_at?: string | undefined; } | ... 4 more ... | { ...; }'.
src/app/(dashboard)/integrations/webhooks/page.tsx(74,17): error TS2769: No overload matches this call.
  Overload 1 of 2, '(relation: "companies" | "drivers" | "vehicles" | "users" | "weights" | "loads"): PostgrestQueryBuilder<{ Tables: { companies: { Row: { id: number; name: string; address: string | null; contact_email: string | null; contact_phone: string | null; created_at: string; updated_at: string; }; Insert: { ...; }; Update: { ...; }; Relationships: []; }; ... 4 more ...; loads: { ...; }; }; Views: {}; Functions: {}; Enums: {}; CompositeTypes: {}; }, { ...; } | ... 4 more ... | { ...; }, "companies" | ... 4 more ... | "loads", [] | ... 4 more ... | [...]>', gave the following error.
    Argument of type '"webhook_subscriptions"' is not assignable to parameter of type '"companies" | "drivers" | "vehicles" | "users" | "weights" | "loads"'.
  Overload 2 of 2, '(relation: never): PostgrestQueryBuilder<{ Tables: { companies: { Row: { id: number; name: string; address: string | null; contact_email: string | null; contact_phone: string | null; created_at: string; updated_at: string; }; Insert: { ...; }; Update: { ...; }; Relationships: []; }; ... 4 more ...; loads: { ...; }; }; Views: {}; Functions: {}; Enums: {}; CompositeTypes: {}; }, never, never, never>', gave the following error.
    Argument of type '"webhook_subscriptions"' is not assignable to parameter of type 'never'.
src/app/(dashboard)/integrations/webhooks/page.tsx(80,21): error TS2345: Argument of type '({ id: number; name: string; license_number: string; license_expiry: string | null; phone: string | null; email: string | null; status: string; company_id: number | null; created_at: string; updated_at: string; } | ... 4 more ... | { ...; })[]' is not assignable to parameter of type 'SetStateAction<Webhook[]>'.
  Type '({ id: number; name: string; license_number: string; license_expiry: string | null; phone: string | null; email: string | null; status: string; company_id: number | null; created_at: string; updated_at: string; } | ... 4 more ... | { ...; })[]' is not assignable to type 'Webhook[]'.
    Type '{ id: number; name: string; license_number: string; license_expiry: string | null; phone: string | null; email: string | null; status: string; company_id: number | null; created_at: string; updated_at: string; } | ... 4 more ... | { ...; }' is not assignable to type 'Webhook'.
      Type '{ id: number; name: string; license_number: string; license_expiry: string | null; phone: string | null; email: string | null; status: string; company_id: number | null; created_at: string; updated_at: string; }' is missing the following properties from type 'Webhook': event_types, target_url, is_active
src/app/(dashboard)/integrations/webhooks/page.tsx(124,50): error TS2345: Argument of type '"create_webhook_subscription"' is not assignable to parameter of type 'never'.
src/app/(dashboard)/integrations/webhooks/page.tsx(134,26): error TS2339: Property 'secret_key' does not exist on type 'never'.
src/app/(dashboard)/integrations/webhooks/page.tsx(135,18): error TS2339: Property 'id' does not exist on type 'never'.
src/app/(dashboard)/integrations/webhooks/page.tsx(146,15): error TS2769: No overload matches this call.
  Overload 1 of 2, '(relation: "companies" | "drivers" | "vehicles" | "users" | "weights" | "loads"): PostgrestQueryBuilder<{ Tables: { companies: { Row: { id: number; name: string; address: string | null; contact_email: string | null; contact_phone: string | null; created_at: string; updated_at: string; }; Insert: { ...; }; Update: { ...; }; Relationships: []; }; ... 4 more ...; loads: { ...; }; }; Views: {}; Functions: {}; Enums: {}; CompositeTypes: {}; }, { ...; } | ... 4 more ... | { ...; }, "companies" | ... 4 more ... | "loads", [] | ... 4 more ... | [...]>', gave the following error.
    Argument of type '"webhook_subscriptions"' is not assignable to parameter of type '"companies" | "drivers" | "vehicles" | "users" | "weights" | "loads"'.
  Overload 2 of 2, '(relation: never): PostgrestQueryBuilder<{ Tables: { companies: { Row: { id: number; name: string; address: string | null; contact_email: string | null; contact_phone: string | null; created_at: string; updated_at: string; }; Insert: { ...; }; Update: { ...; }; Relationships: []; }; ... 4 more ...; loads: { ...; }; }; Views: {}; Functions: {}; Enums: {}; CompositeTypes: {}; }, never, never, never>', gave the following error.
    Argument of type '"webhook_subscriptions"' is not assignable to parameter of type 'never'.
src/app/(dashboard)/integrations/webhooks/page.tsx(150,19): error TS2345: Argument of type '({ id: number; name: string; license_number: string; license_expiry: string | null; phone: string | null; email: string | null; status: string; company_id: number | null; created_at: string; updated_at: string; } | ... 4 more ... | { ...; })[]' is not assignable to parameter of type 'SetStateAction<Webhook[]>'.
  Type '({ id: number; name: string; license_number: string; license_expiry: string | null; phone: string | null; email: string | null; status: string; company_id: number | null; created_at: string; updated_at: string; } | ... 4 more ... | { ...; })[]' is not assignable to type 'Webhook[]'.
    Type '{ id: number; name: string; license_number: string; license_expiry: string | null; phone: string | null; email: string | null; status: string; company_id: number | null; created_at: string; updated_at: string; } | ... 4 more ... | { ...; }' is not assignable to type 'Webhook'.
      Type '{ id: number; name: string; license_number: string; license_expiry: string | null; phone: string | null; email: string | null; status: string; company_id: number | null; created_at: string; updated_at: string; }' is missing the following properties from type 'Webhook': event_types, target_url, is_active
src/app/(dashboard)/integrations/webhooks/page.tsx(172,50): error TS2345: Argument of type '"regenerate_webhook_secret"' is not assignable to parameter of type 'never'.
src/app/(dashboard)/integrations/webhooks/page.tsx(180,26): error TS2339: Property 'secret_key' does not exist on type 'never'.
src/app/(dashboard)/integrations/webhooks/page.tsx(186,15): error TS2769: No overload matches this call.
  Overload 1 of 2, '(relation: "companies" | "drivers" | "vehicles" | "users" | "weights" | "loads"): PostgrestQueryBuilder<{ Tables: { companies: { Row: { id: number; name: string; address: string | null; contact_email: string | null; contact_phone: string | null; created_at: string; updated_at: string; }; Insert: { ...; }; Update: { ...; }; Relationships: []; }; ... 4 more ...; loads: { ...; }; }; Views: {}; Functions: {}; Enums: {}; CompositeTypes: {}; }, { ...; } | ... 4 more ... | { ...; }, "companies" | ... 4 more ... | "loads", [] | ... 4 more ... | [...]>', gave the following error.
    Argument of type '"webhook_subscriptions"' is not assignable to parameter of type '"companies" | "drivers" | "vehicles" | "users" | "weights" | "loads"'.
  Overload 2 of 2, '(relation: never): PostgrestQueryBuilder<{ Tables: { companies: { Row: { id: number; name: string; address: string | null; contact_email: string | null; contact_phone: string | null; created_at: string; updated_at: string; }; Insert: { ...; }; Update: { ...; }; Relationships: []; }; ... 4 more ...; loads: { ...; }; }; Views: {}; Functions: {}; Enums: {}; CompositeTypes: {}; }, never, never, never>', gave the following error.
    Argument of type '"webhook_subscriptions"' is not assignable to parameter of type 'never'.
src/app/(dashboard)/integrations/webhooks/page.tsx(190,19): error TS2345: Argument of type '({ id: number; name: string; license_number: string; license_expiry: string | null; phone: string | null; email: string | null; status: string; company_id: number | null; created_at: string; updated_at: string; } | ... 4 more ... | { ...; })[]' is not assignable to parameter of type 'SetStateAction<Webhook[]>'.
  Type '({ id: number; name: string; license_number: string; license_expiry: string | null; phone: string | null; email: string | null; status: string; company_id: number | null; created_at: string; updated_at: string; } | ... 4 more ... | { ...; })[]' is not assignable to type 'Webhook[]'.
    Type '{ id: number; name: string; license_number: string; license_expiry: string | null; phone: string | null; email: string | null; status: string; company_id: number | null; created_at: string; updated_at: string; } | ... 4 more ... | { ...; }' is not assignable to type 'Webhook'.
      Type '{ id: number; name: string; license_number: string; license_expiry: string | null; phone: string | null; email: string | null; status: string; company_id: number | null; created_at: string; updated_at: string; }' is missing the following properties from type 'Webhook': event_types, target_url, is_active
src/app/(dashboard)/integrations/webhooks/page.tsx(208,45): error TS2769: No overload matches this call.
  Overload 1 of 2, '(relation: "companies" | "drivers" | "vehicles" | "users" | "weights" | "loads"): PostgrestQueryBuilder<{ Tables: { companies: { Row: { id: number; name: string; address: string | null; contact_email: string | null; contact_phone: string | null; created_at: string; updated_at: string; }; Insert: { ...; }; Update: { ...; }; Relationships: []; }; ... 4 more ...; loads: { ...; }; }; Views: {}; Functions: {}; Enums: {}; CompositeTypes: {}; }, { ...; } | ... 4 more ... | { ...; }, "companies" | ... 4 more ... | "loads", [] | ... 4 more ... | [...]>', gave the following error.
    Argument of type '"webhook_subscriptions"' is not assignable to parameter of type '"companies" | "drivers" | "vehicles" | "users" | "weights" | "loads"'.
  Overload 2 of 2, '(relation: never): PostgrestQueryBuilder<{ Tables: { companies: { Row: { id: number; name: string; address: string | null; contact_email: string | null; contact_phone: string | null; created_at: string; updated_at: string; }; Insert: { ...; }; Update: { ...; }; Relationships: []; }; ... 4 more ...; loads: { ...; }; }; Views: {}; Functions: {}; Enums: {}; CompositeTypes: {}; }, never, never, never>', gave the following error.
    Argument of type '"webhook_subscriptions"' is not assignable to parameter of type 'never'.
src/app/(dashboard)/integrations/webhooks/page.tsx(228,15): error TS2769: No overload matches this call.
  Overload 1 of 2, '(relation: "companies" | "drivers" | "vehicles" | "users" | "weights" | "loads"): PostgrestQueryBuilder<{ Tables: { companies: { Row: { id: number; name: string; address: string | null; contact_email: string | null; contact_phone: string | null; created_at: string; updated_at: string; }; Insert: { ...; }; Update: { ...; }; Relationships: []; }; ... 4 more ...; loads: { ...; }; }; Views: {}; Functions: {}; Enums: {}; CompositeTypes: {}; }, { ...; } | ... 4 more ... | { ...; }, "companies" | ... 4 more ... | "loads", [] | ... 4 more ... | [...]>', gave the following error.
    Argument of type '"webhook_subscriptions"' is not assignable to parameter of type '"companies" | "drivers" | "vehicles" | "users" | "weights" | "loads"'.
  Overload 2 of 2, '(relation: never): PostgrestQueryBuilder<{ Tables: { companies: { Row: { id: number; name: string; address: string | null; contact_email: string | null; contact_phone: string | null; created_at: string; updated_at: string; }; Insert: { ...; }; Update: { ...; }; Relationships: []; }; ... 4 more ...; loads: { ...; }; }; Views: {}; Functions: {}; Enums: {}; CompositeTypes: {}; }, never, never, never>', gave the following error.
    Argument of type '"webhook_subscriptions"' is not assignable to parameter of type 'never'.
src/app/(dashboard)/integrations/webhooks/page.tsx(229,19): error TS2353: Object literal may only specify known properties, and 'is_active' does not exist in type '{ id?: number | undefined; name?: string | undefined; address?: string | null | undefined; contact_email?: string | null | undefined; contact_phone?: string | null | undefined; created_at?: string | undefined; updated_at?: string | undefined; } | ... 4 more ... | { ...; }'.
src/app/(dashboard)/layout.tsx(9,65): error TS2739: Type 'ReadonlyRequestCookies' is missing the following properties from type 'Promise<ReadonlyRequestCookies>': then, catch, finally, [Symbol.toStringTag]
src/app/(dashboard)/loads/[id]/page.tsx(74,21): error TS2345: Argument of type 'string' is not assignable to parameter of type 'number'.
src/app/(dashboard)/loads/[id]/page.tsx(102,72): error TS2345: Argument of type 'string' is not assignable to parameter of type 'number'.
src/app/(dashboard)/loads/create/page.tsx(60,29): error TS2345: Argument of type 'number | null' is not assignable to parameter of type 'number'.
  Type 'null' is not assignable to type 'number'.
src/app/(dashboard)/loads/create/page.tsx(72,29): error TS2345: Argument of type 'number | null' is not assignable to parameter of type 'number'.
  Type 'null' is not assignable to type 'number'.
src/app/(dashboard)/loads/edit/[id]/page.tsx(54,21): error TS2345: Argument of type 'string' is not assignable to parameter of type 'number'.
src/app/(dashboard)/loads/edit/[id]/page.tsx(65,29): error TS2345: Argument of type 'number | null' is not assignable to parameter of type 'number'.
  Type 'null' is not assignable to type 'number'.
src/app/(dashboard)/loads/edit/[id]/page.tsx(76,29): error TS2345: Argument of type 'number | null' is not assignable to parameter of type 'number'.
  Type 'null' is not assignable to type 'number'.
src/app/(dashboard)/loads/edit/[id]/page.tsx(124,19): error TS2345: Argument of type 'string' is not assignable to parameter of type 'number'.
src/app/(dashboard)/loads/page.tsx(22,7): error TS7034: Variable 'loads' implicitly has type 'any[]' in some locations where its type cannot be determined.
src/app/(dashboard)/loads/page.tsx(145,16): error TS7005: Variable 'loads' implicitly has an 'any[]' type.
src/app/(dashboard)/loads/page.tsx(146,17): error TS7005: Variable 'loads' implicitly has an 'any[]' type.
src/app/(dashboard)/profile/page.tsx(109,19): error TS2345: Argument of type 'number | null' is not assignable to parameter of type 'number'.
  Type 'null' is not assignable to type 'number'.
src/app/(dashboard)/reports/page.tsx(8,65): error TS2739: Type 'ReadonlyRequestCookies' is missing the following properties from type 'Promise<ReadonlyRequestCookies>': then, catch, finally, [Symbol.toStringTag]
src/app/(dashboard)/reports/page.tsx(58,35): error TS2339: Property 'count' does not exist on type 'any[]'.
src/app/(dashboard)/reports/page.tsx(59,33): error TS2339: Property 'count' does not exist on type 'any[]'.
src/app/(dashboard)/reports/page.tsx(60,33): error TS2339: Property 'count' does not exist on type 'any[]'.
src/app/(dashboard)/reports/page.tsx(61,29): error TS2339: Property 'count' does not exist on type 'any[]'.
src/app/(dashboard)/reports/page.tsx(62,45): error TS2339: Property 'count' does not exist on type 'any[]'.
src/app/(dashboard)/vehicles/[id]/edit/page.tsx(45,21): error TS2345: Argument of type 'string' is not assignable to parameter of type 'number'.
src/app/(dashboard)/vehicles/[id]/edit/page.tsx(95,19): error TS2345: Argument of type 'string' is not assignable to parameter of type 'number'.
src/app/(dashboard)/vehicles/[id]/page.tsx(69,27): error TS7006: Parameter 'load' implicitly has an 'any' type.
src/app/(dashboard)/vehicles/[id]/page.tsx(265,39): error TS7006: Parameter 'weight' implicitly has an 'any' type.
src/app/(dashboard)/vehicles/[id]/page.tsx(323,36): error TS7006: Parameter 'load' implicitly has an 'any' type.
src/app/(dashboard)/vehicles/create/page.tsx(49,19): error TS2345: Argument of type 'string | undefined' is not assignable to parameter of type 'string'.
  Type 'undefined' is not assignable to type 'string'.
src/app/(dashboard)/weights/[id]/edit/page.tsx(53,21): error TS2345: Argument of type 'string' is not assignable to parameter of type 'number'.
src/app/(dashboard)/weights/[id]/edit/page.tsx(64,29): error TS2345: Argument of type 'number | null' is not assignable to parameter of type 'number'.
  Type 'null' is not assignable to type 'number'.
src/app/(dashboard)/weights/[id]/edit/page.tsx(75,29): error TS2345: Argument of type 'number | null' is not assignable to parameter of type 'number'.
  Type 'null' is not assignable to type 'number'.
src/app/(dashboard)/weights/[id]/edit/page.tsx(137,19): error TS2345: Argument of type 'string' is not assignable to parameter of type 'number'.
src/app/(dashboard)/weights/[id]/page.tsx(50,21): error TS2345: Argument of type 'string' is not assignable to parameter of type 'number'.
src/app/(dashboard)/weights/[id]/page.tsx(73,74): error TS2345: Argument of type 'string' is not assignable to parameter of type 'number'.
src/app/(dashboard)/weights/new/page.tsx(57,29): error TS2345: Argument of type 'number | null' is not assignable to parameter of type 'number'.
  Type 'null' is not assignable to type 'number'.
src/app/(dashboard)/weights/new/page.tsx(69,29): error TS2345: Argument of type 'number | null' is not assignable to parameter of type 'number'.
  Type 'null' is not assignable to type 'number'.
src/app/(dashboard)/weights/page.tsx(152,39): error TS2339: Property 'name' does not exist on type '{ id: any; name: any; }[] | { id: number; name: string; }'.
  Property 'name' does not exist on type '{ id: any; name: any; }[]'.
src/app/(dashboard)/weights/page.tsx(155,38): error TS2339: Property 'name' does not exist on type '{ id: number; name: string; } | { id: any; name: any; }[]'.
  Property 'name' does not exist on type '{ id: any; name: any; }[]'.
src/app/api/dashboard/[...route]/route.ts(19,41): error TS2345: Argument of type 'string | null' is not assignable to parameter of type 'SearchParamValue'.
  Type 'null' is not assignable to type 'SearchParamValue'.
src/app/api/dashboard/[...route]/route.ts(24,64): error TS2739: Type 'ReadonlyRequestCookies' is missing the following properties from type 'Promise<ReadonlyRequestCookies>': then, catch, finally, [Symbol.toStringTag]
src/app/api/dashboard/[...route]/route.ts(90,25): error TS7006: Parameter 'supabase' implicitly has an 'any' type.
src/app/api/dashboard/[...route]/route.ts(90,35): error TS7006: Parameter 'isAdmin' implicitly has an 'any' type.
src/app/api/dashboard/[...route]/route.ts(90,44): error TS7006: Parameter 'companyId' implicitly has an 'any' type.
src/app/api/dashboard/[...route]/route.ts(165,30): error TS7006: Parameter 'supabase' implicitly has an 'any' type.
src/app/api/dashboard/[...route]/route.ts(165,40): error TS7006: Parameter 'isAdmin' implicitly has an 'any' type.
src/app/api/dashboard/[...route]/route.ts(165,49): error TS7006: Parameter 'companyId' implicitly has an 'any' type.
src/app/api/dashboard/[...route]/route.ts(189,17): error TS7006: Parameter 'load' implicitly has an 'any' type.
src/app/api/dashboard/[...route]/route.ts(191,9): error TS7053: Element implicitly has an 'any' type because expression of type 'any' can't be used to index type '{ Pending: number; 'In Transit': number; Delivered: number; Cancelled: number; }'.
src/app/api/dashboard/[...route]/route.ts(192,7): error TS7053: Element implicitly has an 'any' type because expression of type 'any' can't be used to index type '{ Pending: number; 'In Transit': number; Delivered: number; Cancelled: number; }'.
src/app/api/dashboard/[...route]/route.ts(200,34): error TS7006: Parameter 'supabase' implicitly has an 'any' type.
src/app/api/dashboard/[...route]/route.ts(200,44): error TS7006: Parameter 'isAdmin' implicitly has an 'any' type.
src/app/api/dashboard/[...route]/route.ts(200,53): error TS7006: Parameter 'companyId' implicitly has an 'any' type.
src/app/api/dashboard/[...route]/route.ts(200,64): error TS7006: Parameter 'dateRange' implicitly has an 'any' type.
src/app/api/dashboard/[...route]/route.ts(249,19): error TS7006: Parameter 'weight' implicitly has an 'any' type.
src/app/api/dashboard/[...route]/route.ts(251,9): error TS7053: Element implicitly has an 'any' type because expression of type 'any' can't be used to index type '{ Compliant: number; Warning: number; 'Non-Compliant': number; }'.
src/app/api/dashboard/[...route]/route.ts(252,7): error TS7053: Element implicitly has an 'any' type because expression of type 'any' can't be used to index type '{ Compliant: number; Warning: number; 'Non-Compliant': number; }'.
src/app/api/dashboard/[...route]/route.ts(260,34): error TS7006: Parameter 'supabase' implicitly has an 'any' type.
src/app/api/dashboard/[...route]/route.ts(260,44): error TS7006: Parameter 'isAdmin' implicitly has an 'any' type.
src/app/api/dashboard/[...route]/route.ts(260,53): error TS7006: Parameter 'companyId' implicitly has an 'any' type.
src/app/api/dashboard/[...route]/route.ts(260,64): error TS7006: Parameter 'dateRange' implicitly has an 'any' type.
src/app/api/dashboard/[...route]/route.ts(310,19): error TS7006: Parameter 'weight' implicitly has an 'any' type.
src/app/api/dashboard/[...route]/route.ts(317,12): error TS7053: Element implicitly has an 'any' type because expression of type 'any' can't be used to index type '{}'.
src/app/api/dashboard/[...route]/route.ts(318,9): error TS7053: Element implicitly has an 'any' type because expression of type 'any' can't be used to index type '{}'.
src/app/api/dashboard/[...route]/route.ts(324,7): error TS7053: Element implicitly has an 'any' type because expression of type 'any' can't be used to index type '{}'.
src/app/api/dashboard/[...route]/route.ts(325,7): error TS7053: Element implicitly has an 'any' type because expression of type 'any' can't be used to index type '{}'.
src/app/api/dashboard/[...route]/route.ts(333,26): error TS18046: 'data' is of type 'unknown'.
src/app/api/dashboard/[...route]/route.ts(333,39): error TS18046: 'data' is of type 'unknown'.
src/app/api/dashboard/[...route]/route.ts(339,33): error TS7006: Parameter 'supabase' implicitly has an 'any' type.
src/app/api/dashboard/[...route]/route.ts(339,43): error TS7006: Parameter 'isAdmin' implicitly has an 'any' type.
src/app/api/dashboard/[...route]/route.ts(339,52): error TS7006: Parameter 'companyId' implicitly has an 'any' type.
src/app/api/examples/search-params/route.ts(19,36): error TS2345: Argument of type 'string | null' is not assignable to parameter of type 'SearchParamValue'.
  Type 'null' is not assignable to type 'SearchParamValue'.
src/app/api/examples/search-params/route.ts(20,36): error TS2345: Argument of type 'string | null' is not assignable to parameter of type 'SearchParamValue'.
  Type 'null' is not assignable to type 'SearchParamValue'.
src/app/api/examples/search-params/route.ts(21,37): error TS2345: Argument of type 'string | null' is not assignable to parameter of type 'SearchParamValue'.
  Type 'null' is not assignable to type 'SearchParamValue'.
src/app/api/examples/search-params/route.ts(22,44): error TS2345: Argument of type 'string | null' is not assignable to parameter of type 'SearchParamValue'.
  Type 'null' is not assignable to type 'SearchParamValue'.
src/app/api/examples/search-params/route.ts(25,36): error TS2345: Argument of type 'string | null' is not assignable to parameter of type 'SearchParamValue'.
  Type 'null' is not assignable to type 'SearchParamValue'.
src/app/page.tsx(11,65): error TS2739: Type 'ReadonlyRequestCookies' is missing the following properties from type 'Promise<ReadonlyRequestCookies>': then, catch, finally, [Symbol.toStringTag]
src/components/Dashboard/ComplianceChart.tsx(105,37): error TS2339: Property 'overall' does not exist on type 'any[]'.
src/components/Dashboard/DashboardSidebar.tsx(121,56): error TS18047: 'pathname' is possibly 'null'.
src/components/Dashboard/DashboardSidebar.tsx(164,60): error TS18047: 'pathname' is possibly 'null'.
src/components/Dashboard/DashboardStats.tsx(104,39): error TS2339: Property 'count' does not exist on type '{ id: number; name: string; license_number: string; license_expiry: string | null; phone: string | null; email: string | null; status: string; company_id: number | null; created_at: string; updated_at: string; }[]'.
src/components/Dashboard/VehicleWeightChart.tsx(106,33): error TS2339: Property 'overall' does not exist on type 'any[]'.
src/components/Loads/RoutePlanner.tsx(4,55): error TS7016: Could not find a declaration file for module 'react-beautiful-dnd'. '/var/home/jimbo/Documents/Truckers/frontend/node_modules/react-beautiful-dnd/dist/react-beautiful-dnd.cjs.js' implicitly has an 'any' type.
  Try `npm i --save-dev @types/react-beautiful-dnd` if it exists or add a new declaration (.d.ts) file containing `declare module 'react-beautiful-dnd';`
src/components/Loads/RoutePlanner.tsx(214,16): error TS7006: Parameter 'provided' implicitly has an 'any' type.
src/components/Loads/RoutePlanner.tsx(223,24): error TS7006: Parameter 'provided' implicitly has an 'any' type.
src/components/TruckTracking/DeckGLTruckVisualization.tsx(78,13): error TS2322: Type 'number' is not assignable to type 'MapViewState'.
  Type 'number' is not assignable to type '{ longitude: number; latitude: number; zoom: number; pitch?: number | undefined; bearing?: number | undefined; minZoom?: number | undefined; maxZoom?: number | undefined; minPitch?: number | undefined; maxPitch?: number | undefined; position?: number[] | undefined; nearZ?: number | undefined; farZ?: number | undefin...'.
src/components/TruckTracking/DeckGLTruckVisualization.tsx(79,13): error TS2322: Type 'number' is not assignable to type 'MapViewState'.
  Type 'number' is not assignable to type '{ longitude: number; latitude: number; zoom: number; pitch?: number | undefined; bearing?: number | undefined; minZoom?: number | undefined; maxZoom?: number | undefined; minPitch?: number | undefined; maxPitch?: number | undefined; position?: number[] | undefined; nearZ?: number | undefined; farZ?: number | undefin...'.
src/components/TruckTracking/DeckGLTruckVisualization.tsx(80,13): error TS2322: Type 'number' is not assignable to type 'MapViewState'.
  Type 'number' is not assignable to type '{ longitude: number; latitude: number; zoom: number; pitch?: number | undefined; bearing?: number | undefined; minZoom?: number | undefined; maxZoom?: number | undefined; minPitch?: number | undefined; maxPitch?: number | undefined; position?: number[] | undefined; nearZ?: number | undefined; farZ?: number | undefin...'.
src/components/TruckTracking/DeckGLTruckVisualization.tsx(81,13): error TS2322: Type 'number' is not assignable to type 'MapViewState'.
  Type 'number' is not assignable to type '{ longitude: number; latitude: number; zoom: number; pitch?: number | undefined; bearing?: number | undefined; minZoom?: number | undefined; maxZoom?: number | undefined; minPitch?: number | undefined; maxPitch?: number | undefined; position?: number[] | undefined; nearZ?: number | undefined; farZ?: number | undefin...'.
src/components/TruckTracking/DeckGLTruckVisualization.tsx(82,13): error TS2322: Type 'number' is not assignable to type 'MapViewState'.
  Type 'number' is not assignable to type '{ longitude: number; latitude: number; zoom: number; pitch?: number | undefined; bearing?: number | undefined; minZoom?: number | undefined; maxZoom?: number | undefined; minPitch?: number | undefined; maxPitch?: number | undefined; position?: number[] | undefined; nearZ?: number | undefined; farZ?: number | undefin...'.
src/components/TruckTracking/MapboxTruckVisualization.tsx(5,24): error TS7016: Could not find a declaration file for module 'three'. '/var/home/jimbo/Documents/Truckers/frontend/node_modules/three/build/three.module.js' implicitly has an 'any' type.
  Try `npm i --save-dev @types/three` if it exists or add a new declaration (.d.ts) file containing `declare module 'three';`
src/components/TruckTracking/MapboxTruckVisualization.tsx(6,28): error TS2307: Cannot find module 'three/examples/jsm/loaders/GLTFLoader' or its corresponding type declarations.
src/components/TruckTracking/MapboxTruckVisualization.tsx(341,22): error TS2345: Argument of type 'MutableRefObject<Map$1 | null>' is not assignable to parameter of type 'Map$1'.
  Type 'MutableRefObject<Map$1 | null>' is missing the following properties from type 'Map$1': style, indoor, painter, _container, and 298 more.
src/components/TruckTracking/TruckTrackingVisualization.tsx(5,24): error TS7016: Could not find a declaration file for module 'three'. '/var/home/jimbo/Documents/Truckers/frontend/node_modules/three/build/three.module.js' implicitly has an 'any' type.
  Try `npm i --save-dev @types/three` if it exists or add a new declaration (.d.ts) file containing `declare module 'three';`
src/components/TruckTracking/TruckTrackingVisualization.tsx(6,28): error TS2307: Cannot find module 'three/examples/jsm/loaders/GLTFLoader' or its corresponding type declarations.
src/components/TruckTracking/TruckTrackingVisualization.tsx(59,14): error TS2339: Property 'scene' does not exist on type '{ id: string; type: string; renderingMode: string; onAdd: (map: Map$1, gl: WebGLRenderingContext) => void; render: (gl: WebGLRenderingContext, matrix: number[]) => void; }'.
src/components/TruckTracking/TruckTrackingVisualization.tsx(60,14): error TS2339: Property 'camera' does not exist on type '{ id: string; type: string; renderingMode: string; onAdd: (map: Map$1, gl: WebGLRenderingContext) => void; render: (gl: WebGLRenderingContext, matrix: number[]) => void; }'.
src/components/TruckTracking/TruckTrackingVisualization.tsx(61,14): error TS2551: Property 'renderer' does not exist on type '{ id: string; type: string; renderingMode: string; onAdd: (map: Map$1, gl: WebGLRenderingContext) => void; render: (gl: WebGLRenderingContext, matrix: number[]) => void; }'. Did you mean 'render'?
src/components/TruckTracking/TruckTrackingVisualization.tsx(69,42): error TS7006: Parameter 'gltf' implicitly has an 'any' type.
src/components/TruckTracking/TruckTrackingVisualization.tsx(70,16): error TS2339: Property 'truck' does not exist on type '{ id: string; type: string; renderingMode: string; onAdd: (map: Map$1, gl: WebGLRenderingContext) => void; render: (gl: WebGLRenderingContext, matrix: number[]) => void; }'.
src/components/TruckTracking/TruckTrackingVisualization.tsx(71,16): error TS2339: Property 'truck' does not exist on type '{ id: string; type: string; renderingMode: string; onAdd: (map: Map$1, gl: WebGLRenderingContext) => void; render: (gl: WebGLRenderingContext, matrix: number[]) => void; }'.
src/components/TruckTracking/TruckTrackingVisualization.tsx(72,16): error TS2339: Property 'scene' does not exist on type '{ id: string; type: string; renderingMode: string; onAdd: (map: Map$1, gl: WebGLRenderingContext) => void; render: (gl: WebGLRenderingContext, matrix: number[]) => void; }'.
src/components/TruckTracking/TruckTrackingVisualization.tsx(72,31): error TS2339: Property 'truck' does not exist on type '{ id: string; type: string; renderingMode: string; onAdd: (map: Map$1, gl: WebGLRenderingContext) => void; render: (gl: WebGLRenderingContext, matrix: number[]) => void; }'.
src/components/TruckTracking/TruckTrackingVisualization.tsx(77,14): error TS2339: Property 'scene' does not exist on type '{ id: string; type: string; renderingMode: string; onAdd: (map: Map$1, gl: WebGLRenderingContext) => void; render: (gl: WebGLRenderingContext, matrix: number[]) => void; }'.
src/components/TruckTracking/TruckTrackingVisualization.tsx(81,14): error TS2339: Property 'scene' does not exist on type '{ id: string; type: string; renderingMode: string; onAdd: (map: Map$1, gl: WebGLRenderingContext) => void; render: (gl: WebGLRenderingContext, matrix: number[]) => void; }'.
src/components/TruckTracking/TruckTrackingVisualization.tsx(85,18): error TS2339: Property 'truck' does not exist on type '{ id: string; type: string; renderingMode: string; onAdd: (map: Map$1, gl: WebGLRenderingContext) => void; render: (gl: WebGLRenderingContext, matrix: number[]) => void; }'.
src/components/TruckTracking/TruckTrackingVisualization.tsx(91,16): error TS2339: Property 'truck' does not exist on type '{ id: string; type: string; renderingMode: string; onAdd: (map: Map$1, gl: WebGLRenderingContext) => void; render: (gl: WebGLRenderingContext, matrix: number[]) => void; }'.
src/components/TruckTracking/TruckTrackingVisualization.tsx(96,16): error TS2339: Property 'truck' does not exist on type '{ id: string; type: string; renderingMode: string; onAdd: (map: Map$1, gl: WebGLRenderingContext) => void; render: (gl: WebGLRenderingContext, matrix: number[]) => void; }'.
src/components/TruckTracking/TruckTrackingVisualization.tsx(99,14): error TS2551: Property 'renderer' does not exist on type '{ id: string; type: string; renderingMode: string; onAdd: (map: Map$1, gl: WebGLRenderingContext) => void; render: (gl: WebGLRenderingContext, matrix: number[]) => void; }'. Did you mean 'render'?
src/components/TruckTracking/TruckTrackingVisualization.tsx(99,35): error TS2339: Property 'scene' does not exist on type '{ id: string; type: string; renderingMode: string; onAdd: (map: Map$1, gl: WebGLRenderingContext) => void; render: (gl: WebGLRenderingContext, matrix: number[]) => void; }'.
src/components/TruckTracking/TruckTrackingVisualization.tsx(99,47): error TS2339: Property 'camera' does not exist on type '{ id: string; type: string; renderingMode: string; onAdd: (map: Map$1, gl: WebGLRenderingContext) => void; render: (gl: WebGLRenderingContext, matrix: number[]) => void; }'.
src/components/TruckTracking/TruckTrackingVisualization.tsx(103,26): error TS2345: Argument of type '{ id: string; type: string; renderingMode: string; onAdd: (map: Map$1, gl: WebGLRenderingContext) => void; render: (gl: WebGLRenderingContext, matrix: number[]) => void; }' is not assignable to parameter of type 'AnyLayer$1'.
  Type '{ id: string; type: string; renderingMode: string; onAdd: (map: Map$1, gl: WebGLRenderingContext) => void; render: (gl: WebGLRenderingContext, matrix: number[]) => void; }' is not assignable to type 'CustomLayerInterface'.
    Types of property 'type' are incompatible.
      Type 'string' is not assignable to type '"custom"'.
src/components/WeightCapture/ComplianceCheck.tsx(103,41): error TS2345: Argument of type 'number' is not assignable to parameter of type 'string'.
src/components/WeightCapture/QRCodeScaleSelector.tsx(4,27): error TS2307: Cannot find module 'qrcode.react' or its corresponding type declarations.
src/components/WeightCapture/QRScanner.tsx(6,27): error TS2307: Cannot find module '@yudiel/react-qr-scanner' or its corresponding type declarations.
src/components/WeightCapture/ScaleSelector.tsx(6,27): error TS2307: Cannot find module '@yudiel/react-qr-scanner' or its corresponding type declarations.
src/components/WeightCapture/ScaleSelector.tsx(188,24): error TS7006: Parameter 'error' implicitly has an 'any' type.
src/components/WeightCapture/SignatureCapture.tsx(4,29): error TS2307: Cannot find module 'react-signature-canvas' or its corresponding type declarations.
src/components/driver-activity/RouteMap3D.tsx(4,24): error TS7016: Could not find a declaration file for module 'three'. '/var/home/jimbo/Documents/Truckers/frontend/node_modules/three/build/three.module.js' implicitly has an 'any' type.
  Try `npm i --save-dev @types/three` if it exists or add a new declaration (.d.ts) file containing `declare module 'three';`
src/components/driver-activity/RouteMap3D.tsx(5,31): error TS2307: Cannot find module 'three/examples/jsm/controls/OrbitControls' or its corresponding type declarations.
src/components/driver-activity/RouteMap3D.tsx(6,28): error TS2307: Cannot find module 'three/examples/jsm/loaders/GLTFLoader' or its corresponding type declarations.
src/components/driver-activity/RouteMap3D.tsx(7,21): error TS2307: Cannot find module 'three/examples/jsm/objects/Sky' or its corresponding type declarations.
src/components/driver-activity/RouteMap3D.tsx(8,23): error TS2307: Cannot find module 'three/examples/jsm/objects/Water' or its corresponding type declarations.
src/components/driver-activity/RouteMap3D.tsx(106,19): error TS7006: Parameter 'texture' implicitly has an 'any' type.
src/components/driver-activity/RouteMap3D.tsx(196,9): error TS7006: Parameter 'gltf' implicitly has an 'any' type.
src/components/driver-activity/RouteMap3D.tsx(222,9): error TS7006: Parameter 'error' implicitly has an 'any' type.
src/components/examples/SearchParamsExample.tsx(18,37): error TS18047: 'searchParams' is possibly 'null'.
src/components/examples/SearchParamsExample.tsx(18,37): error TS2345: Argument of type 'string | null' is not assignable to parameter of type 'SearchParamValue'.
  Type 'null' is not assignable to type 'SearchParamValue'.
src/components/examples/SearchParamsExample.tsx(19,36): error TS18047: 'searchParams' is possibly 'null'.
src/components/examples/SearchParamsExample.tsx(19,36): error TS2345: Argument of type 'string | null' is not assignable to parameter of type 'SearchParamValue'.
  Type 'null' is not assignable to type 'SearchParamValue'.
src/components/examples/SearchParamsExample.tsx(20,40): error TS18047: 'searchParams' is possibly 'null'.
src/components/examples/SearchParamsExample.tsx(20,40): error TS2345: Argument of type 'string | null' is not assignable to parameter of type 'SearchParamValue'.
  Type 'null' is not assignable to type 'SearchParamValue'.
src/components/ui/MobileNav.tsx(99,51): error TS18047: 'pathname' is possibly 'null'.
src/components/ui/MobileNav.tsx(135,55): error TS18047: 'pathname' is possibly 'null'.
src/components/ui/ServiceWorkerRegistration.tsx(25,14): error TS2339: Property 'workbox' does not exist on type 'Window & typeof globalThis'.
src/components/ui/ServiceWorkerRegistration.tsx(44,27): error TS2345: Argument of type '"error"' is not assignable to parameter of type 'keyof WorkboxEventMap'.
src/components/ui/ServiceWorkerRegistration.tsx(59,61): error TS18048: 'registration' is possibly 'undefined'.
src/providers/SupabaseAuthProvider.tsx(45,7): error TS2353: Object literal may only specify known properties, and 'auth' does not exist in type 'SupabaseClientOptionsWithoutAuth<"public">'.
src/services/mapboxService.ts(88,11): error TS2769: No overload matches this call.
  Overload 1 of 2, '(relation: "companies" | "drivers" | "vehicles" | "users" | "weights" | "loads"): PostgrestQueryBuilder<{ Tables: { companies: { Row: { id: number; name: string; address: string | null; contact_email: string | null; contact_phone: string | null; created_at: string; updated_at: string; }; Insert: { ...; }; Update: { ...; }; Relationships: []; }; ... 4 more ...; loads: { ...; }; }; Views: {}; Functions: {}; Enums: {}; CompositeTypes: {}; }, { ...; } | ... 4 more ... | { ...; }, "companies" | ... 4 more ... | "loads", [] | ... 4 more ... | [...]>', gave the following error.
    Argument of type '"app_settings"' is not assignable to parameter of type '"companies" | "drivers" | "vehicles" | "users" | "weights" | "loads"'.
  Overload 2 of 2, '(relation: never): PostgrestQueryBuilder<{ Tables: { companies: { Row: { id: number; name: string; address: string | null; contact_email: string | null; contact_phone: string | null; created_at: string; updated_at: string; }; Insert: { ...; }; Update: { ...; }; Relationships: []; }; ... 4 more ...; loads: { ...; }; }; Views: {}; Functions: {}; Enums: {}; CompositeTypes: {}; }, never, never, never>', gave the following error.
    Argument of type '"app_settings"' is not assignable to parameter of type 'never'.
src/services/mapboxService.ts(97,15): error TS2551: Property 'value' does not exist on type 'SelectQueryError<"column 'value' does not exist on 'companies'."> | SelectQueryError<"column 'value' does not exist on 'drivers'."> | SelectQueryError<...> | SelectQueryError<...> | SelectQueryError<...> | SelectQueryError<...>'. Did you mean 'valueOf'?
  Property 'value' does not exist on type 'SelectQueryError<"column 'value' does not exist on 'companies'.">'.
src/services/weight-capture/providers/digital-scale-provider.ts(82,14): error TS2531: Object is possibly 'null'.
src/utils/offline-storage.ts(7,3): error TS2411: Property 'weights' of type '{ key: string; value: { id: string; vehicle_id: string; driver_id: string; date: string; weight: number; location: string; notes?: string | undefined; synced: boolean; created_at: string; updated_at: string; }; indexes: { ...; }; }' is not assignable to 'string' index type 'DBSchemaValue'.
src/utils/offline-storage.ts(23,3): error TS2411: Property 'loads' of type '{ key: string; value: { id: string; description: string; origin: string; destination: string; weight: number; status: string; vehicle_id?: string | undefined; driver_id?: string | undefined; synced: boolean; created_at: string; updated_at: string; }; indexes: { ...; }; }' is not assignable to 'string' index type 'DBSchemaValue'.
src/utils/offline-storage.ts(98,27): error TS2345: Argument of type 'keyof TruckingDB' is not assignable to parameter of type '"weights" | "loads" | "sync_queue"'.
  Type 'string' is not assignable to type '"weights" | "loads" | "sync_queue"'.
src/utils/offline-storage.ts(107,17): error TS2345: Argument of type 'keyof TruckingDB' is not assignable to parameter of type '"weights" | "loads" | "sync_queue"'.
  Type 'string' is not assignable to type '"weights" | "loads" | "sync_queue"'.
src/utils/offline-storage.ts(115,27): error TS2345: Argument of type 'keyof TruckingDB' is not assignable to parameter of type '"weights" | "loads" | "sync_queue"'.
  Type 'string' is not assignable to type '"weights" | "loads" | "sync_queue"'.
src/utils/offline-storage.ts(124,19): error TS2345: Argument of type 'keyof TruckingDB' is not assignable to parameter of type '"weights" | "loads" | "sync_queue"'.
  Type 'string' is not assignable to type '"weights" | "loads" | "sync_queue"'.
src/utils/offline-storage.ts(131,20): error TS2345: Argument of type 'keyof TruckingDB' is not assignable to parameter of type '"weights" | "loads" | "sync_queue"'.
  Type 'string' is not assignable to type '"weights" | "loads" | "sync_queue"'.
src/utils/offline-storage.ts(140,23): error TS2345: Argument of type 'false' is not assignable to parameter of type 'IDBKeyRange | ("by-synced" extends keyof TruckingDB[T]["indexes"] ? TruckingDB[T]["indexes"][keyof TruckingDB[T]["indexes"] & "by-synced"] : IDBValidKey) | null | undefined'.
src/utils/security.ts(111,7): error TS2322: Type 'string' is not assignable to type 'T[Extract<keyof T, string>]'.
  'string' is assignable to the constraint of type 'T[Extract<keyof T, string>]', but 'T[Extract<keyof T, string>]' could be instantiated with a different subtype of constraint 'string'.
src/utils/supabase/client.ts(14,7): error TS2353: Object literal may only specify known properties, and 'auth' does not exist in type 'SupabaseClientOptionsWithoutAuth<"public">'.
src/utils/supabase/middleware.ts(61,5): error TS2353: Object literal may only specify known properties, and 'cookies' does not exist in type '{ req: NextRequest; res: NextResponse<unknown>; }'.
src/utils/supabase/server.ts(13,5): error TS2353: Object literal may only specify known properties, and 'supabaseUrl' does not exist in type '{ cookies: () => Promise<ReadonlyRequestCookies>; }'.
src/utils/sync-service.ts(10,30): error TS2307: Cannot find module 'uuid' or its corresponding type declarations.
